<?xml version="1.0" encoding="UTF-8"?>
<!-- Generated by org.testng.reporters.JUnitReportReporter -->
<testsuite hostname="Sony-PC" failures="0" tests="2" name="qaclickacademu.SeleniumTest" time="0.002" errors="0" timestamp="30 May 2019 17:45:02 GMT" skipped="0">
  <testcase classname="qaclickacademu.SeleniumTest" name="elementsUi" time="0.002"/>
  <testcase classname="qaclickacademu.SeleniumTest" name="BrowserAutomation" time="0.000"/>
</testsuite> <!-- qaclickacademu.SeleniumTest -->
