<?xml version="1.0" encoding="UTF-8"?>
<!-- Generated by org.testng.reporters.JUnitReportReporter -->
<testsuite hostname="Sony-PC" failures="0" tests="2" name="qaclickacademu.RestAPITest" time="0.013" errors="0" timestamp="30 May 2019 17:45:02 GMT" skipped="0">
  <testcase classname="qaclickacademu.RestAPITest" name="postJira" time="0.000"/>
  <testcase classname="qaclickacademu.RestAPITest" name="deleteTwitter" time="0.013"/>
</testsuite> <!-- qaclickacademu.RestAPITest -->
