<?xml version="1.0" encoding="UTF-8"?>
<!-- Generated by org.testng.reporters.JUnitReportReporter -->
<testsuite hostname="Sony-PC" failures="0" tests="2" name="qaclickacademu.AppiumTest" time="0.003" errors="0" timestamp="30 May 2019 17:45:02 GMT" skipped="0">
  <testcase classname="qaclickacademu.AppiumTest" name="NativeAppAndroid" time="0.003"/>
  <testcase classname="qaclickacademu.AppiumTest" name="IOSApps" time="0.000"/>
</testsuite> <!-- qaclickacademu.AppiumTest -->
