<?xml version="1.0" encoding="UTF-8"?>
<!-- Generated by org.testng.reporters.JUnitReportReporter -->
<testsuite hostname="Sony-PC" failures="0" tests="2" name="qaclickacademy.RestAPITest" time="0.012" errors="0" timestamp="31 May 2019 02:31:02 GMT" skipped="0">
  <testcase classname="qaclickacademy.RestAPITest" name="postJira" time="0.000"/>
  <testcase classname="qaclickacademy.RestAPITest" name="deleteTwitter" time="0.012"/>
</testsuite> <!-- qaclickacademy.RestAPITest -->
